
P A U P *
Version 4.0a (build 159) for Unix/Linux (built on Nov 17 2017 at 11:35:17)
Tue Jan 30 10:29:00 2018

        -----------------------------NOTICE-----------------------------
          This is an alpha-test version that is still changing rapidly.
          It will expire on 1 Apr 2018.
        
          Please report bugs to dave@phylosolutions.com
        ----------------------------------------------------------------


paup> outgroup 1-2; set outroot=mono;

Outgroup status changed:
  2 taxa transferred to outgroup
  Total number of taxa now in outgroup = 2
  Number of ingroup taxa = 18

paup> bootstrap [bootstrap options] [/hsearch options]

Bootstrap method with heuristic search:
  Number of bootstrap replicates = 100
  Starting seed = generated automatically
  Number of characters resampled in each replicate = 382
  Optimality criterion = parsimony
    Character-status summary:
      Of 382 total characters:
        All characters are of type 'unord'
        All characters have equal weight
        198 characters are constant
        61 variable characters are parsimony-uninformative
        Number of parsimony-informative characters = 123
    Gaps are treated as "missing"
  Starting tree(s) obtained via stepwise addition
    Addition sequence: simple (reference taxon = Platypus)
    Number of trees held at each step = 1
  Branch-swapping algorithm: tree-bisection-reconnection (TBR) with reconnection limit = 8
    Steepest descent option not in effect
  Initial 'Maxtrees' setting = 100
  Branches collapsed (creating polytomies) if maximum branch length is zero
  'MulTrees' option in effect
  No topological constraints in effect
  Trees are unrooted

  100 bootstrap replicates completed
  Time used = 0.76 sec (CPU time = 0.75 sec)

Bootstrap 50% majority-rule consensus tree

                                                                                         /-------------------------------------------- Platypus(1)
/----------------------------------------------------------------------------------------+
|                                                                                        \-------------------------------------------- Echidna(2)
|
|                                                                                        /-------------------------------------------- Opossum(3)
|                                                                                        |
|                                           /---------------------98---------------------+-------------------------------------------- Wallaby(4)
|                                           |                                            |
100                                         |                                            \-------------------------------------------- Bandicoot(5)
|                                           |
|                                           |                                            /-------------------------------------------- Elephant(6)
|                                           |                                            |
|                                           |                                            +-------------------------------------------- Aardvark(7)
|                                           |                                            |
|                                           |                                            +-------------------------------------------- Tenrec(8)
\-------------------------------------------+                                            |
                                            |                                            +-------------------------------------------- Sloth(9)
                                            |                                            |
                                            |                                            +-------------------------------------------- Armadillo(10)
                                            |                                            |
                                            |                                            +-------------------------------------------- Human(11)
                                            |                                            |
                                            |                                            +-------------------------------------------- Tree shrew(12)
                                            |                                            |
                                            \---------------------54---------------------+-------------------------------------------- Rabbit(13)
                                                                                         |
                                                                                         +-------------------------------------------- Mouse(14)
                                                                                         |
                                                                                         +-------------------------------------------- Hedgehog(15)
                                                                                         |
                                                                                         +-------------------------------------------- Flying fox(16)
                                                                                         |
                                                                                         +-------------------------------------------- Cat(17)
                                                                                         |
                                                                                         +-------------------------------------------- Dog(18)
                                                                                         |
                                                                                         +-------------------------------------------- Pig(19)
                                                                                         |
                                                                                         \-------------------------------------------- Whale(20)

Bipartitions found in one or more trees and frequency of occurrence (bootstrap support values):

         1         2
12345678901234567890          Freq
----------------------------------
..******************        100.00
..***...............         98.00
.....***************         53.50
...**...............         46.87
..**................         46.63
...............*..*.         39.98
.......*.*..........         36.65
................**..         30.17
.....*..*.*.........         29.00
.....*....*.........         27.17
..................**         25.17
........**..........         23.50
.....*..*...........         21.50
........*.*.........         21.21
........*...*.......         20.22
.............**.....         18.25
...............*..**         17.70
.....********.******         16.30
.....**.************         16.00
.....**.*.*.........         13.00
........**..*.......         12.80
...........**.......         12.00
.....**.........*...         12.00
.....**...*.........         10.75
...........*...*..*.         10.25
..*****.************         10.25
.....*........*.....         10.00
.....**.............         10.00
.......***..........          9.33
...........*..*.....          9.17
.....*..........*...          9.00
..........*......*..          9.00
...........*...*..**          9.00
.....**.*****.******          7.75
.......***..*.......          7.00
.......*......*.....          6.87
.......***.**.......          6.79
...........*...*....          6.29
........**.**.......          6.20
..***..*............          6.00
..........*...*.....          5.83
.....*....*...*.....          5.79
..*****************.          5.75
.........*.*........          5.70
.......*.*.*........          5.52
..*.*...............          5.50
......*....*........          5.00
.......*.*...**.....          5.00
.....**************.          5.00
.......***....*.....          5.00
.............*..*...          5.00
.....*.*************          5.00

619 groups at (relative) frequency less than 5% not shown

paup> bootstrap nreps=200 treefile=boot.tre search=heuristic /start=stepwise addseq=random nreps=10 swap=TBR;

Bootstrap method with heuristic search:
  Number of bootstrap replicates = 200
  Starting seed = generated automatically
  Number of characters resampled in each replicate = 382
  Optimality criterion = parsimony
    Character-status summary:
      Of 382 total characters:
        All characters are of type 'unord'
        All characters have equal weight
        198 characters are constant
        61 variable characters are parsimony-uninformative
        Number of parsimony-informative characters = 123
    Gaps are treated as "missing"
  Starting tree(s) obtained via stepwise addition
    Addition sequence: random
    Number of replicates = 10
    Starting seed = generated automatically
    Number of trees held at each step = 1
  Branch-swapping algorithm: tree-bisection-reconnection (TBR) with reconnection limit = 8
    Steepest descent option not in effect
  Initial 'Maxtrees' setting = 100
  Branches collapsed (creating polytomies) if maximum branch length is zero
  'MulTrees' option in effect
  No topological constraints in effect
  Trees are unrooted

  200 bootstrap replicates completed
  Time used = 11.92 sec (CPU time = 11.92 sec)

Trees for each replicate written to treefile: ~/eeob563/eeob563/lab2/boot.tre

Bootstrap 50% majority-rule consensus tree

                                                                                                    /--------------------------------- Platypus(1)
/---------------------------------------------------------------------------------------------------+
|                                                                                                   \--------------------------------- Echidna(2)
|
|                                                                  /------------------------------------------------------------------ Opossum(3)
|                                                                  |
|                                /---------------99----------------+                                /--------------------------------- Wallaby(4)
|                                |                                 \---------------52---------------+
100                              |                                                                  \--------------------------------- Bandicoot(5)
|                                |
|                                |                                                                  /--------------------------------- Elephant(6)
|                                |                                                                  |
|                                |                                                                  +--------------------------------- Aardvark(7)
|                                |                                                                  |
|                                |                                                                  +--------------------------------- Tenrec(8)
\--------------------------------+                                                                  |
                                 |                                                                  +--------------------------------- Sloth(9)
                                 |                                                                  |
                                 |                                                                  +--------------------------------- Armadillo(10)
                                 |                                                                  |
                                 |                                                                  +--------------------------------- Human(11)
                                 |                                                                  |
                                 |                                                                  +--------------------------------- Tree shrew(12)
                                 |                                                                  |
                                 \--------------------------------55--------------------------------+--------------------------------- Rabbit(13)
                                                                                                    |
                                                                                                    +--------------------------------- Mouse(14)
                                                                                                    |
                                                                                                    +--------------------------------- Hedgehog(15)
                                                                                                    |
                                                                                                    +--------------------------------- Flying fox(16)
                                                                                                    |
                                                                                                    +--------------------------------- Cat(17)
                                                                                                    |
                                                                                                    +--------------------------------- Dog(18)
                                                                                                    |
                                                                                                    +--------------------------------- Pig(19)
                                                                                                    |
                                                                                                    \--------------------------------- Whale(20)

Bipartitions found in one or more trees and frequency of occurrence (bootstrap support values):

         1         2
12345678901234567890          Freq        %
-------------------------------------------
..******************        200.00  100.00%
..***...............        197.56   98.78%
.....***************        109.87   54.94%
...**...............        103.57   51.78%
..**................         83.56   41.78%
..................**         80.88   40.44%
...............*..**         80.02   40.01%
.......*.*..........         72.44   36.22%
................**..         72.33   36.16%
...............*..*.         68.65   34.32%
.....*..*.*.........         59.29   29.64%
........**..........         55.41   27.70%
........*.*.........         48.97   24.49%
.....********.******         43.43   21.71%
.....*..*...........         40.72   20.36%
.....*....*.........         38.48   19.24%
.....*..........*...         31.37   15.69%
...........**.......         29.61   14.80%
........**..*.......         29.26   14.63%
.....**.*.*.........         27.25   13.63%
........*...*.......         26.32   13.16%
.............**.....         25.49   12.74%
..........*......*..         24.57   12.29%
.....**.........*...         22.14   11.07%
.....**.************         22.01   11.00%
.....*........*.....         21.54   10.77%
.....**...*.....**..         21.04   10.52%
.......***..........         19.48    9.74%
..*****.************         18.97    9.49%
...........*..*.....         18.41    9.20%
............*...*...         17.76    8.88%
.......*......*.....         17.67    8.83%
..***********.******         16.09    8.05%
.....**...*.........         14.76    7.38%
.......*.*.*........         14.02    7.01%
.......*.*....*.....         13.84    6.92%
...........*...*..**         12.93    6.47%
.....**.............         12.62    6.31%
.....*....*...*.....         11.04    5.52%
..*.*...............         10.99    5.50%
.............*..**..         10.97    5.48%
.....*....*.....**..         10.48    5.24%
...........*...*..*.         10.43    5.21%

1260 groups at (relative) frequency less than 5% not shown

paup> savetrees file=bootMajRule.tree from=1 to=1 savebootp=nodelabels;

1 tree saved to file "~/eeob563/eeob563/lab2/bootMajRule.tree"

paup> gettrees file=boot.tre StoreTreeWts=yes mode=3;

Processing TREES block from file: ~/eeob563/eeob563/lab2/boot.tre
  Keeping: trees from file (replacing any trees already in memory)

The limit of 100 trees (= 'Maxtrees') has been reached.  Do you want to increase Maxtrees?

Do you want to increase 'Maxtrees'? (Y/n)yes

Enter new value for 'Maxtrees' (200):100

You must specify a value for 'Maxtrees' greater than 100.

Do you want to increase 'Maxtrees'? (Y/n)n

  100 trees read from file

  Time used = 00:01:23 (CPU time = 0.00 sec)

paup> contree all/strict=no majrule=yes usetreewts=yes treefile=bootMajRule.tre;

50% Majority-rule consensus of 100 trees (using tree weights, sum = 36)

                                                                             /------------------------- Platypus(1)
/----------------------------------------------------------------------------+
|                                                                            \------------------------- Echidna(2)
|
|                                                  /--------------------------------------------------- Opossum(3)
|                                                  |
|                         /----------100-----------+                         /------------------------- Wallaby(4)
|                         |                        \-----------58------------+
100                       |                                                  \------------------------- Bandicoot(5)
|                         |
|                         |                                                  /------------------------- Elephant(6)
|                         |                                                  |
|                         |                                                  +------------------------- Aardvark(7)
|                         |                                                  |
|                         |                                                  +------------------------- Tenrec(8)
\-------------------------+                                                  |
                          |                                                  +------------------------- Sloth(9)
                          |                                                  |
                          |                                                  +------------------------- Armadillo(10)
                          |                                                  |
                          |                                                  +------------------------- Human(11)
                          |                                                  |
                          |                                                  +------------------------- Tree shrew(12)
                          |                                                  |
                          \------------------------63------------------------+------------------------- Rabbit(13)
                                                                             |
                                                                             +------------------------- Mouse(14)
                                                                             |
                                                                             +------------------------- Hedgehog(15)
                                                                             |
                                                                             +------------------------- Flying fox(16)
                                                                             |
                                                                             +------------------------- Cat(17)
                                                                             |
                                                                             +------------------------- Dog(18)
                                                                             |
                                                                             +------------------------- Pig(19)
                                                                             |
                                                                             \------------------------- Whale(20)

Bipartitions found in one or more trees and frequency of occurrence:

         1         2
12345678901234567890          Freq        %
-------------------------------------------
..***...............         36.00  100.00%
..******************         36.00  100.00%
.....***************         22.75   63.20%
...**...............         20.96   58.21%
.......*.*..........         14.43   40.09%
..**................         14.04   39.01%
..................**         13.07   36.31%
...............*..**         12.61   35.03%
...............*..*.         12.48   34.68%
.....*..*.*.........         11.50   31.94%
........*...*.......         10.63   29.53%
................**..         10.58   29.38%
..........*......*..          9.06   25.16%
.....*..........*...          8.00   22.22%
.....********.******          7.87   21.87%
........*.*.........          7.57   21.03%
.....**.........*...          7.07   19.64%
.....*..*...........          7.00   19.44%
.....**...*.....**..          6.41   17.82%
.....**.************          5.55   15.41%
.....*....*.........          5.07   14.09%
.............**.....          4.50   12.50%
.......***..........          4.43   12.30%
..***********.******          4.38   12.18%
...........*..*.....          4.00   11.11%
.....**.*****.******          4.00   11.11%
...........**.......          4.00   11.11%
.......*......*.....          3.79   10.54%
........**..........          3.64   10.12%
.....**.............          3.61   10.03%
.........*.*........          3.46    9.62%
............*.*.....          3.00    8.33%
.....*....*...*.....          3.00    8.33%
.....**...*...*.....          3.00    8.33%
.......***..*.......          3.00    8.33%
..****..*.*.........          3.00    8.33%
..........*...*.....          3.00    8.33%
...........*...*..**          2.88    8.01%
........*...*..*....          2.54    7.06%
.......*.*.*........          2.41    6.70%
.....*....*.....**..          2.31    6.42%
............*...*...          2.29    6.35%
..***..*............          2.21    6.15%
.....*....*......*..          2.15    5.98%
.......*.*.*...*..**          2.13    5.93%
.....**...*.........          2.10    5.83%
.....**...*......*..          2.08    5.78%
............*..*....          2.00    5.56%
.....*........*.....          2.00    5.56%
.....**...*...*.**..          2.00    5.56%
.....*.*************          2.00    5.56%
.........*.**.......          2.00    5.56%
............*....*..          2.00    5.56%
.....**.*.***...**..          2.00    5.56%
.....********.*.**..          2.00    5.56%
.......*.*.***.*****          2.00    5.56%
..*****.*.*.........          2.00    5.56%
.......*.....*......          2.00    5.56%
........**..*.......          2.00    5.56%
.....**.***.*...**.*          2.00    5.56%
..........*...*..*..          2.00    5.56%
........*..........*          2.00    5.56%
......*...*......*..          1.93    5.36%
...........*......*.          1.87    5.18%
.............**.**..          1.83    5.09%
........*...*.*.....          1.72    4.77%
.......*.*.....*..**          1.71    4.76%
.....**.*.*.........          1.67    4.63%
............***.....          1.67    4.63%
...........*****..**          1.67    4.63%
.....*..*.*.....**..          1.67    4.63%
.....**..**.....**..          1.67    4.63%
.............*..*...          1.50    4.17%
.....*.*............          1.50    4.17%
.....**.*.**........          1.50    4.17%
.....**.*.*.....**..          1.50    4.17%
.........*.*......**          1.46    4.06%
.......*.*.*..*...**          1.46    4.06%
.....**..**.....**.*          1.42    3.95%
.........*....*.....          1.32    3.65%
.......******.**.***          1.23    3.40%
........*..**.*.....          1.21    3.37%
.......***.**.**..**          1.21    3.36%
.....**...**........          1.10    3.06%
..............*..*..          1.08    3.01%
.......***.**.*.....          1.07    2.98%
.....**......*..*...          1.07    2.98%
...........*...*..*.          1.05    2.92%
............*......*          1.02    2.84%
..***......*........          1.00    2.78%
.....******.........          1.00    2.78%
........**.**.......          1.00    2.78%
........**.**......*          1.00    2.78%
........**.**.....**          1.00    2.78%
.....**...*...****..          1.00    2.78%
.....**.***.....**..          1.00    2.78%
.....**.***...*.**..          1.00    2.78%
.....**.****..*.**..          1.00    2.78%
.......*.......*..*.          1.00    2.78%
.......*....*..*..*.          1.00    2.78%
.......*....*..*..**          1.00    2.78%
..***..*....*..*..**          1.00    2.78%
...........****.....          1.00    2.78%
.......*.*.*****..**          1.00    2.78%
.....*..*.*.....*...          1.00    2.78%
.......***.**..*....          1.00    2.78%
.....**...*...*.****          1.00    2.78%
.....**...*..**.****          1.00    2.78%
.........*.**..*..*.          1.00    2.78%
.......*.*.**.**..*.          1.00    2.78%
.....*..*..........*          1.00    2.78%
.....*..*.......*..*          1.00    2.78%
.....**.*.*.....**.*          1.00    2.78%
.........*...**.....          1.00    2.78%
...........**....*..          1.00    2.78%
.....**.*.*.....*...          1.00    2.78%
.....**.*.***...**.*          1.00    2.78%
.....**.*.***..*****          1.00    2.78%
...............***..          1.00    2.78%
...........*...****.          1.00    2.78%
...........*...*****          1.00    2.78%
.......***.*...*****          1.00    2.78%
..***........*......          1.00    2.78%
..***.......**......          1.00    2.78%
..*****...*.***.....          1.00    2.78%
.......***....*.....          1.00    2.78%
.......***.**.*.*...          1.00    2.78%
.....**...*....***..          1.00    2.78%
.....**...*....****.          1.00    2.78%
.....**...**..*****.          1.00    2.78%
.....**...**..******          1.00    2.78%
..***..***..*.......          1.00    2.78%
.........*.***......          1.00    2.78%
.......*.......*..**          1.00    2.78%
.......*.*.***.*..**          1.00    2.78%
..*.*...............          1.00    2.78%
..*****.*.*...*.....          1.00    2.78%
.........*.*...*..**          1.00    2.78%
.........*.*.*.*..**          1.00    2.78%
.........*.*.***..**          1.00    2.78%
.........*.*.***.***          1.00    2.78%
.........*.*********          1.00    2.78%
......*..*.*********          1.00    2.78%
......*..***********          1.00    2.78%
.....***.***********          1.00    2.78%
..******.***********          1.00    2.78%
.............*..**..          1.00    2.78%
.......*.*.**..*..**          1.00    2.78%
..****.*******.*****          1.00    2.78%
..************.*****          1.00    2.78%
.........*.........*          1.00    2.78%
.....**.*.***..*....          1.00    2.78%
.....**.*.********..          1.00    2.78%
.....**.**********.*          1.00    2.78%
................*..*          1.00    2.78%
.....*..**..*.......          1.00    2.78%
.....**.**..*.......          1.00    2.78%
.....**.***.*....*..          1.00    2.78%
.....**.***.*..*****          1.00    2.78%
.....**.*.**....**..          1.00    2.78%
.....****.***.******          1.00    2.78%
.......***.**.......          1.00    2.78%
..........*..**.**..          1.00    2.78%
.....**...*..**.**..          1.00    2.78%
.....**...*..*******          1.00    2.78%
.............*.*....          1.00    2.78%
........*.........**          1.00    2.78%
........*....*.*..**          1.00    2.78%
.......*....*.......          1.00    2.78%
.......*.*..*.......          1.00    2.78%
.....*.*.*..*...*...          1.00    2.78%
.....***.*..*...*...          1.00    2.78%
.....***.**.*...**..          1.00    2.78%
.....***.**.*.*.**..          1.00    2.78%
.....***.****.*.**..          1.00    2.78%
.........*.*.......*          1.00    2.78%
..*****.*.*.*..*....          1.00    2.78%
..*****.*.*.*..***..          1.00    2.78%
......*....*........          1.00    2.78%
.....**.*.***...*...          1.00    2.78%
.....**.*.***.*.**..          1.00    2.78%
........***.........          1.00    2.78%
........***.*.......          1.00    2.78%
........***.*....*..          1.00    2.78%
.......*...*..**..**          1.00    2.78%
.....**..**..*..**.*          1.00    2.78%
.....**..**..*..****          1.00    2.78%
.....**..**..*.*****          1.00    2.78%
........**..*.*.....          1.00    2.78%
........**..*.*....*          1.00    2.78%
........**..*.*.*..*          1.00    2.78%
........**..*.*.**.*          1.00    2.78%
..........**........          1.00    2.78%
.....**...**...*....          1.00    2.78%
......*..*..........          1.00    2.78%
.....*..*.*........*          1.00    2.78%
.....**.***........*          1.00    2.78%
.....**.***.....*..*          1.00    2.78%
.....**.***.*.*.**.*          1.00    2.78%
.....**.*****.*.**.*          1.00    2.78%
...........*.......*          1.00    2.78%
.....******.*...**..          1.00    2.78%
.....******.*.*.**..          1.00    2.78%
.....**.***.*...**..          1.00    2.78%
..*****.***.*...**..          1.00    2.78%
..*****.***.***.**..          1.00    2.78%
..*****.*******.**..          1.00    2.78%
..*****.************          1.00    2.78%
.............**..*..          1.00    2.78%
............**......          1.00    2.78%
........**.........*          1.00    2.78%
.....*.*..*...*..*..          1.00    2.78%
.....***..*...*..*..          1.00    2.78%
.....***..*...*.**..          1.00    2.78%
.....***..*...*.***.          1.00    2.78%
.....***..*...*****.          1.00    2.78%
.....******...******          1.00    2.78%
.....*******..******          1.00    2.78%
.....**...*...*.*...          1.00    2.78%
.....**...**..*.*...          1.00    2.78%
.....**...**..*.**..          1.00    2.78%
...............*.***          1.00    2.78%
.......*.*...**.....          1.00    2.78%
.......*.*.****.....          1.00    2.78%
.......*.*.*****.***          1.00    2.78%
.......*.*.*********          1.00    2.78%
...........*...*....          0.92    2.55%
........*...*......*          0.92    2.55%
.....******.....**..          0.83    2.31%
.....**...*........*          0.81    2.26%
..****.*************          0.76    2.12%
........*...*...*...          0.75    2.08%
........*...*.*.**..          0.75    2.08%
.....**.*.*.*.*.**..          0.75    2.08%
......*...*.........          0.74    2.05%
.....**..**...*.**.*          0.74    2.05%
.....***.**...*.**.*          0.74    2.05%
.....***.**..**.**.*          0.74    2.05%
...........*****....          0.67    1.85%
...........*********          0.67    1.85%
.....*..*.**********          0.67    1.85%
.....**.*.**********          0.67    1.85%
.....****.**....**..          0.67    1.85%
..***...*...*......*          0.67    1.85%
..***..**..**.**..**          0.67    1.85%
.....*******.******.          0.67    1.85%
...........*.**..*..          0.67    1.85%
......**............          0.67    1.85%
......**.*..........          0.67    1.85%
.....******.....*...          0.67    1.85%
.....*******.**.**..          0.67    1.85%
.....**.*****.****.*          0.60    1.67%
.....******.....***.          0.50    1.39%
..***......**.......          0.50    1.39%
..***......**..*....          0.50    1.39%
..***********..****.          0.50    1.39%
..***********..*****          0.50    1.39%
.............**.*...          0.50    1.39%
............******..          0.50    1.39%
............********          0.50    1.39%
.......*.*..********          0.50    1.39%
..***..*.*.*********          0.50    1.39%
.....**..***********          0.50    1.39%
.......*...*..*.....          0.50    1.39%
.....**...*.....**.*          0.50    1.38%
.....***.***.**.****          0.42    1.17%
..*****...*.....**..          0.38    1.07%
.......*...*...*..**          0.38    1.07%
......*...*........*          0.37    1.02%
............*...*..*          0.36    0.99%
.....**...*.*...**.*          0.36    0.99%
.....**...*.**..**.*          0.36    0.99%
.....******.....****          0.33    0.93%
.....******....*****          0.33    0.93%
.....*******...*****          0.33    0.93%
.....****.**...*****          0.33    0.93%
............*.**....          0.33    0.93%
.....****.**....****          0.33    0.93%
.......*....*.*.....          0.33    0.93%
......*.........**..          0.33    0.93%
.....**.*.**....**.*          0.33    0.93%
.....**.*.**...*****          0.33    0.93%
.........**.........          0.33    0.93%
.....**..**.....*...          0.33    0.93%
.....**..**...*.**..          0.33    0.93%
.......*...*...*..*.          0.33    0.93%
..***..**..**..*..**          0.33    0.93%
.......**...*.*.....          0.33    0.93%
.......**..**.**..*.          0.33    0.93%
..***..............*          0.33    0.93%
.......*...*..**..*.          0.33    0.93%
.....**.*.*..**.**..          0.33    0.93%
.....**.*.*..******.          0.33    0.93%
.....**********.**..          0.33    0.93%
.....**********.**.*          0.33    0.93%
.....**..**...*....*          0.32    0.88%
.......***.*****..**          0.31    0.85%
.......******.******          0.31    0.85%
.....**...*.*...**..          0.29    0.79%
.....**...*.**..**..          0.29    0.79%
.....**...*..*..**..          0.29    0.79%
........*..**..*..*.          0.26    0.73%
..****.************.          0.26    0.73%
.......*.*........**          0.25    0.69%
.......*.*.*...*....          0.25    0.69%
.......*.*.....*..*.          0.25    0.69%
.......*.*....**..*.          0.25    0.69%
.......*.*.*..**..*.          0.25    0.69%
........*...*...*..*          0.25    0.69%
........*...*...**.*          0.25    0.69%
.....**.*.*.*...**.*          0.25    0.69%
.......***.*..**..**          0.21    0.60%
.......***.*..**..*.          0.21    0.60%
.....******.******.*          0.21    0.58%
.....**********.****          0.21    0.58%
........**..*.*.****          0.20    0.56%
.....**...**...*..*.          0.20    0.56%
..........**...*....          0.20    0.56%
.....**........*....          0.20    0.56%
........*...*..*..*.          0.16    0.44%
.....*...**.....**..          0.16    0.44%
.....*...**...*.**..          0.16    0.44%
.....*.*.**...*.**..          0.16    0.44%
.....*.*.**..**.**..          0.16    0.44%
.....*.************.          0.16    0.44%
..........*.....**..          0.15    0.43%
..*****...*.........          0.15    0.43%
........*.....*.....          0.15    0.43%
........*...*.**....          0.15    0.43%
.......*.*.*......*.          0.15    0.43%
.......***.**.**..*.          0.15    0.43%
.......***.**.***.**          0.15    0.43%
.......***.**..*..**          0.15    0.43%
.......*.*.*..**..**          0.14    0.40%
...........*..**..**          0.14    0.40%
...........*..**..*.          0.14    0.40%
........**.*..**..*.          0.14    0.40%
.......***.*..*.....          0.14    0.40%
.....***.***.**.**.*          0.11    0.29%
..***.........*.....          0.11    0.29%
..****....*...*.....          0.11    0.29%
..****...**...*.....          0.11    0.29%
..****...**...*.**..          0.11    0.29%
..****.*.**..**.**..          0.11    0.29%
..****..............          0.08    0.21%
..*****.............          0.08    0.21%
..*****...*......*..          0.08    0.21%
.......***.**.******          0.08    0.21%
.......***.*********          0.08    0.21%
.......*...*......*.          0.08    0.21%
.....*.............*          0.08    0.21%
.....*....*........*          0.08    0.21%
.....**...*......*.*          0.08    0.21%
........*.*.*.......          0.07    0.20%
........*.*.*....*..          0.07    0.20%
........**.*..**..**          0.07    0.20%
.......***.....*..**          0.07    0.20%
........**.....*..*.          0.07    0.20%
.......***.....*..*.          0.07    0.20%
........*..**.**..**          0.07    0.20%
..****...**..**.**..          0.05    0.15%
..****.*.**...*.**..          0.05    0.15%

Consensus tree(s) written to treefile: ~/eeob563/eeob563/lab2/bootMajRule.tre

paup> log stop; quit
